2024-08-19 16:35:33,420:WARNING:
'cuml' is a soft dependency and not included in the pycaret installation. Please run: `pip install cuml` to install.
2024-08-19 16:35:33,420:WARNING:
'cuml' is a soft dependency and not included in the pycaret installation. Please run: `pip install cuml` to install.
2024-08-19 16:35:33,421:WARNING:
'cuml' is a soft dependency and not included in the pycaret installation. Please run: `pip install cuml` to install.
2024-08-19 16:35:33,421:WARNING:
'cuml' is a soft dependency and not included in the pycaret installation. Please run: `pip install cuml` to install.
2024-08-19 16:35:34,409:INFO:PyCaret RegressionExperiment
2024-08-19 16:35:34,409:INFO:Logging name: reg-default-name
2024-08-19 16:35:34,409:INFO:ML Usecase: MLUsecase.REGRESSION
2024-08-19 16:35:34,409:INFO:version 3.3.2
2024-08-19 16:35:34,409:INFO:Initializing setup()
2024-08-19 16:35:34,409:INFO:self.USI: b074
2024-08-19 16:35:34,409:INFO:self._variable_keys: {'n_jobs_param', '_available_plots', 'memory', 'gpu_param', 'pipeline', 'y_test', 'fold_groups_param', 'exp_id', 'gpu_n_jobs_param', 'y_train', 'exp_name_log', 'X_test', 'data', 'log_plots_param', 'fold_shuffle_param', 'USI', 'transform_target_param', 'y', 'logging_param', '_ml_usecase', 'idx', 'X_train', 'target_param', 'X', 'seed', 'html_param', 'fold_generator'}
2024-08-19 16:35:34,409:INFO:Checking environment
2024-08-19 16:35:34,409:INFO:python_version: 3.10.12
2024-08-19 16:35:34,409:INFO:python_build: ('main', 'Jul 29 2024 16:56:48')
2024-08-19 16:35:34,409:INFO:machine: x86_64
2024-08-19 16:35:34,409:INFO:platform: Linux-6.1.85+-x86_64-with-glibc2.35
2024-08-19 16:35:34,409:INFO:Memory: svmem(total=13609431040, available=12067274752, percent=11.3, used=1201762304, free=696844288, active=830664704, inactive=11412680704, buffers=476176384, cached=11234648064, shared=7172096, slab=570314752)
2024-08-19 16:35:34,410:INFO:Physical Core: 1
2024-08-19 16:35:34,411:INFO:Logical Core: 2
2024-08-19 16:35:34,411:INFO:Checking libraries
2024-08-19 16:35:34,411:INFO:System:
2024-08-19 16:35:34,411:INFO:    python: 3.10.12 (main, Jul 29 2024, 16:56:48) [GCC 11.4.0]
2024-08-19 16:35:34,411:INFO:executable: /usr/bin/python3
2024-08-19 16:35:34,411:INFO:   machine: Linux-6.1.85+-x86_64-with-glibc2.35
2024-08-19 16:35:34,411:INFO:PyCaret required dependencies:
2024-08-19 16:35:36,722:INFO:                 pip: 24.1.2
2024-08-19 16:35:36,722:INFO:          setuptools: 71.0.4
2024-08-19 16:35:36,722:INFO:             pycaret: 3.3.2
2024-08-19 16:35:36,722:INFO:             IPython: 7.34.0
2024-08-19 16:35:36,722:INFO:          ipywidgets: 7.7.1
2024-08-19 16:35:36,722:INFO:                tqdm: 4.66.5
2024-08-19 16:35:36,722:INFO:               numpy: 1.26.4
2024-08-19 16:35:36,722:INFO:              pandas: 2.1.4
2024-08-19 16:35:36,722:INFO:              jinja2: 3.1.4
2024-08-19 16:35:36,722:INFO:               scipy: 1.11.4
2024-08-19 16:35:36,722:INFO:              joblib: 1.3.2
2024-08-19 16:35:36,722:INFO:             sklearn: 1.4.2
2024-08-19 16:35:36,722:INFO:                pyod: 2.0.1
2024-08-19 16:35:36,722:INFO:            imblearn: 0.12.3
2024-08-19 16:35:36,722:INFO:   category_encoders: 2.6.3
2024-08-19 16:35:36,722:INFO:            lightgbm: 4.4.0
2024-08-19 16:35:36,722:INFO:               numba: 0.60.0
2024-08-19 16:35:36,722:INFO:            requests: 2.32.3
2024-08-19 16:35:36,723:INFO:          matplotlib: 3.7.1
2024-08-19 16:35:36,723:INFO:          scikitplot: 0.3.7
2024-08-19 16:35:36,723:INFO:         yellowbrick: 1.5
2024-08-19 16:35:36,723:INFO:              plotly: 5.15.0
2024-08-19 16:35:36,723:INFO:    plotly-resampler: Not installed
2024-08-19 16:35:36,723:INFO:             kaleido: 0.2.1
2024-08-19 16:35:36,723:INFO:           schemdraw: 0.15
2024-08-19 16:35:36,723:INFO:         statsmodels: 0.14.2
2024-08-19 16:35:36,723:INFO:              sktime: 0.26.0
2024-08-19 16:35:36,723:INFO:               tbats: 1.1.3
2024-08-19 16:35:36,723:INFO:            pmdarima: 2.0.4
2024-08-19 16:35:36,723:INFO:              psutil: 5.9.5
2024-08-19 16:35:36,723:INFO:          markupsafe: 2.1.5
2024-08-19 16:35:36,723:INFO:             pickle5: Not installed
2024-08-19 16:35:36,723:INFO:         cloudpickle: 2.2.1
2024-08-19 16:35:36,723:INFO:         deprecation: 2.1.0
2024-08-19 16:35:36,723:INFO:              xxhash: 3.5.0
2024-08-19 16:35:36,723:INFO:           wurlitzer: 3.1.1
2024-08-19 16:35:36,723:INFO:PyCaret optional dependencies:
2024-08-19 16:35:39,975:INFO:                shap: 0.44.1
2024-08-19 16:35:39,975:INFO:           interpret: 0.6.3
2024-08-19 16:35:39,975:INFO:                umap: 0.5.6
2024-08-19 16:35:39,975:INFO:     ydata_profiling: 4.9.0
2024-08-19 16:35:39,975:INFO:  explainerdashboard: 0.4.7
2024-08-19 16:35:39,975:INFO:             autoviz: Not installed
2024-08-19 16:35:39,975:INFO:           fairlearn: 0.7.0
2024-08-19 16:35:39,975:INFO:          deepchecks: Not installed
2024-08-19 16:35:39,975:INFO:             xgboost: 2.1.1
2024-08-19 16:35:39,976:INFO:            catboost: 1.2.5
2024-08-19 16:35:39,976:INFO:              kmodes: 0.12.2
2024-08-19 16:35:39,976:INFO:             mlxtend: 0.23.1
2024-08-19 16:35:39,976:INFO:       statsforecast: 1.5.0
2024-08-19 16:35:39,976:INFO:        tune_sklearn: 0.5.0
2024-08-19 16:35:39,976:INFO:                 ray: 2.34.0
2024-08-19 16:35:39,976:INFO:            hyperopt: 0.2.7
2024-08-19 16:35:39,976:INFO:              optuna: 3.6.1
2024-08-19 16:35:39,976:INFO:               skopt: 0.10.2
2024-08-19 16:35:39,976:INFO:              mlflow: 2.15.1
2024-08-19 16:35:39,976:INFO:              gradio: 4.41.0
2024-08-19 16:35:39,976:INFO:             fastapi: 0.112.1
2024-08-19 16:35:39,976:INFO:             uvicorn: 0.30.6
2024-08-19 16:35:39,976:INFO:              m2cgen: 0.10.0
2024-08-19 16:35:39,976:INFO:           evidently: 0.4.36
2024-08-19 16:35:39,976:INFO:               fugue: 0.8.7
2024-08-19 16:35:39,976:INFO:           streamlit: Not installed
2024-08-19 16:35:39,976:INFO:             prophet: 1.1.5
2024-08-19 16:35:39,976:INFO:None
2024-08-19 16:35:39,976:INFO:Set up data.
2024-08-19 16:35:39,988:INFO:Set up folding strategy.
2024-08-19 16:35:39,989:INFO:Set up train/test split.
2024-08-19 16:35:39,996:INFO:Set up index.
2024-08-19 16:35:39,997:INFO:Assigning column types.
2024-08-19 16:35:40,002:INFO:Engine successfully changes for model 'lr' to 'sklearn'.
2024-08-19 16:35:40,002:INFO:Engine for model 'lasso' has not been set explicitly, hence returning None.
2024-08-19 16:35:40,007:INFO:Engine for model 'ridge' has not been set explicitly, hence returning None.
2024-08-19 16:35:40,012:INFO:Engine for model 'en' has not been set explicitly, hence returning None.
2024-08-19 16:35:40,076:INFO:Engine for model 'svm' has not been set explicitly, hence returning None.
2024-08-19 16:35:40,125:INFO:Engine for model 'knn' has not been set explicitly, hence returning None.
2024-08-19 16:35:40,126:INFO:Soft dependency imported: xgboost: 2.1.1
2024-08-19 16:35:40,129:INFO:Soft dependency imported: catboost: 1.2.5
2024-08-19 16:35:40,148:INFO:Engine for model 'lasso' has not been set explicitly, hence returning None.
2024-08-19 16:35:40,153:INFO:Engine for model 'ridge' has not been set explicitly, hence returning None.
2024-08-19 16:35:40,158:INFO:Engine for model 'en' has not been set explicitly, hence returning None.
2024-08-19 16:35:40,236:INFO:Engine for model 'svm' has not been set explicitly, hence returning None.
2024-08-19 16:35:40,284:INFO:Engine for model 'knn' has not been set explicitly, hence returning None.
2024-08-19 16:35:40,285:INFO:Soft dependency imported: xgboost: 2.1.1
2024-08-19 16:35:40,290:INFO:Soft dependency imported: catboost: 1.2.5
2024-08-19 16:35:40,291:INFO:Engine successfully changes for model 'lasso' to 'sklearn'.
2024-08-19 16:35:40,296:INFO:Engine for model 'ridge' has not been set explicitly, hence returning None.
2024-08-19 16:35:40,301:INFO:Engine for model 'en' has not been set explicitly, hence returning None.
2024-08-19 16:35:40,363:INFO:Engine for model 'svm' has not been set explicitly, hence returning None.
2024-08-19 16:35:40,412:INFO:Engine for model 'knn' has not been set explicitly, hence returning None.
2024-08-19 16:35:40,413:INFO:Soft dependency imported: xgboost: 2.1.1
2024-08-19 16:35:40,603:INFO:Soft dependency imported: catboost: 1.2.5
2024-08-19 16:35:40,611:INFO:Engine for model 'ridge' has not been set explicitly, hence returning None.
2024-08-19 16:35:40,616:INFO:Engine for model 'en' has not been set explicitly, hence returning None.
2024-08-19 16:35:40,691:INFO:Engine for model 'svm' has not been set explicitly, hence returning None.
2024-08-19 16:35:40,742:INFO:Engine for model 'knn' has not been set explicitly, hence returning None.
2024-08-19 16:35:40,743:INFO:Soft dependency imported: xgboost: 2.1.1
2024-08-19 16:35:40,746:INFO:Soft dependency imported: catboost: 1.2.5
2024-08-19 16:35:40,747:INFO:Engine successfully changes for model 'ridge' to 'sklearn'.
2024-08-19 16:35:40,757:INFO:Engine for model 'en' has not been set explicitly, hence returning None.
2024-08-19 16:35:40,821:INFO:Engine for model 'svm' has not been set explicitly, hence returning None.
2024-08-19 16:35:40,884:INFO:Engine for model 'knn' has not been set explicitly, hence returning None.
2024-08-19 16:35:40,884:INFO:Soft dependency imported: xgboost: 2.1.1
2024-08-19 16:35:40,888:INFO:Soft dependency imported: catboost: 1.2.5
2024-08-19 16:35:40,898:INFO:Engine for model 'en' has not been set explicitly, hence returning None.
2024-08-19 16:35:40,961:INFO:Engine for model 'svm' has not been set explicitly, hence returning None.
2024-08-19 16:35:41,011:INFO:Engine for model 'knn' has not been set explicitly, hence returning None.
2024-08-19 16:35:41,012:INFO:Soft dependency imported: xgboost: 2.1.1
2024-08-19 16:35:41,016:INFO:Soft dependency imported: catboost: 1.2.5
2024-08-19 16:35:41,017:INFO:Engine successfully changes for model 'en' to 'sklearn'.
2024-08-19 16:35:41,089:INFO:Engine for model 'svm' has not been set explicitly, hence returning None.
2024-08-19 16:35:41,136:INFO:Engine for model 'knn' has not been set explicitly, hence returning None.
2024-08-19 16:35:41,137:INFO:Soft dependency imported: xgboost: 2.1.1
2024-08-19 16:35:41,140:INFO:Soft dependency imported: catboost: 1.2.5
2024-08-19 16:35:41,231:INFO:Engine for model 'svm' has not been set explicitly, hence returning None.
2024-08-19 16:35:41,278:INFO:Engine for model 'knn' has not been set explicitly, hence returning None.
2024-08-19 16:35:41,279:INFO:Soft dependency imported: xgboost: 2.1.1
2024-08-19 16:35:41,282:INFO:Soft dependency imported: catboost: 1.2.5
2024-08-19 16:35:41,283:INFO:Engine successfully changes for model 'knn' to 'sklearn'.
2024-08-19 16:35:41,354:INFO:Engine for model 'svm' has not been set explicitly, hence returning None.
2024-08-19 16:35:41,403:INFO:Soft dependency imported: xgboost: 2.1.1
2024-08-19 16:35:41,406:INFO:Soft dependency imported: catboost: 1.2.5
2024-08-19 16:35:41,478:INFO:Engine for model 'svm' has not been set explicitly, hence returning None.
2024-08-19 16:35:41,526:INFO:Soft dependency imported: xgboost: 2.1.1
2024-08-19 16:35:41,529:INFO:Soft dependency imported: catboost: 1.2.5
2024-08-19 16:35:41,530:INFO:Engine successfully changes for model 'svm' to 'sklearn'.
2024-08-19 16:35:41,655:INFO:Soft dependency imported: xgboost: 2.1.1
2024-08-19 16:35:41,658:INFO:Soft dependency imported: catboost: 1.2.5
2024-08-19 16:35:41,782:INFO:Soft dependency imported: xgboost: 2.1.1
2024-08-19 16:35:41,785:INFO:Soft dependency imported: catboost: 1.2.5
2024-08-19 16:35:41,788:INFO:Preparing preprocessing pipeline...
2024-08-19 16:35:41,788:INFO:Set up simple imputation.
2024-08-19 16:35:41,792:INFO:Set up encoding of ordinal features.
2024-08-19 16:35:41,795:INFO:Set up encoding of categorical features.
2024-08-19 16:35:41,895:INFO:Finished creating preprocessing pipeline.
2024-08-19 16:35:41,934:INFO:Pipeline: Pipeline(memory=FastMemory(location=/tmp/joblib),
         steps=[('numerical_imputer',
                 TransformerWrapper(include=['age', 'bmi', 'children'],
                                    transformer=SimpleImputer())),
                ('categorical_imputer',
                 TransformerWrapper(include=['sex', 'smoker', 'region'],
                                    transformer=SimpleImputer(strategy='most_frequent'))),
                ('ordinal_encoding',
                 TransformerWrapper(include=['sex', 'smoker...
                                                                     'smoker'],
                                                               handle_missing='return_nan',
                                                               mapping=[{'col': 'sex',
                                                                         'data_type': dtype('O'),
                                                                         'mapping': female    0
male      1
NaN      -1
dtype: int64},
                                                                        {'col': 'smoker',
                                                                         'data_type': dtype('O'),
                                                                         'mapping': no     0
yes    1
NaN   -1
dtype: int64}]))),
                ('onehot_encoding',
                 TransformerWrapper(include=['region'],
                                    transformer=OneHotEncoder(cols=['region'],
                                                              handle_missing='return_nan',
                                                              use_cat_names=True)))])
2024-08-19 16:35:41,934:INFO:Creating final display dataframe.
2024-08-19 16:35:42,201:INFO:Setup _display_container:                     Description             Value
0                    Session id              7407
1                        Target           charges
2                   Target type        Regression
3           Original data shape         (1338, 7)
4        Transformed data shape        (1338, 10)
5   Transformed train set shape         (936, 10)
6    Transformed test set shape         (402, 10)
7              Numeric features                 3
8          Categorical features                 3
9                    Preprocess              True
10              Imputation type            simple
11           Numeric imputation              mean
12       Categorical imputation              mode
13     Maximum one-hot encoding                25
14              Encoding method              None
15               Fold Generator             KFold
16                  Fold Number                10
17                     CPU Jobs                -1
18                      Use GPU             False
19               Log Experiment             False
20              Experiment Name  reg-default-name
21                          USI              b074
2024-08-19 16:35:42,354:INFO:Soft dependency imported: xgboost: 2.1.1
2024-08-19 16:35:42,358:INFO:Soft dependency imported: catboost: 1.2.5
2024-08-19 16:35:42,475:INFO:Soft dependency imported: xgboost: 2.1.1
2024-08-19 16:35:42,478:INFO:Soft dependency imported: catboost: 1.2.5
2024-08-19 16:35:42,479:INFO:setup() successfully completed in 8.07s...............
2024-08-19 16:36:08,137:INFO:Initializing compare_models()
2024-08-19 16:36:08,138:INFO:compare_models(self=<pycaret.regression.oop.RegressionExperiment object at 0x7c25aeb7b640>, include=None, fold=None, round=4, cross_validation=True, sort=R2, n_select=1, budget_time=None, turbo=True, errors=ignore, fit_kwargs=None, groups=None, experiment_custom_tags=None, probability_threshold=None, verbose=True, parallel=None, caller_params={'self': <pycaret.regression.oop.RegressionExperiment object at 0x7c25aeb7b640>, 'include': None, 'exclude': None, 'fold': None, 'round': 4, 'cross_validation': True, 'sort': 'R2', 'n_select': 1, 'budget_time': None, 'turbo': True, 'errors': 'ignore', 'fit_kwargs': None, 'groups': None, 'experiment_custom_tags': None, 'engine': None, 'verbose': True, 'parallel': None, '__class__': <class 'pycaret.regression.oop.RegressionExperiment'>}, exclude=None)
2024-08-19 16:36:08,138:INFO:Checking exceptions
2024-08-19 16:36:08,142:INFO:Preparing display monitor
2024-08-19 16:36:08,226:INFO:Initializing Linear Regression
2024-08-19 16:36:08,226:INFO:Total runtime is 7.3711077372233076e-06 minutes
2024-08-19 16:36:08,239:INFO:SubProcess create_model() called ==================================
2024-08-19 16:36:08,240:INFO:Initializing create_model()
2024-08-19 16:36:08,240:INFO:create_model(self=<pycaret.regression.oop.RegressionExperiment object at 0x7c25aeb7b640>, estimator=lr, fold=KFold(n_splits=10, random_state=None, shuffle=False), round=4, cross_validation=True, predict=True, fit_kwargs={}, groups=None, refit=False, probability_threshold=None, experiment_custom_tags=None, verbose=False, system=False, add_to_model_list=True, metrics=None, display=<pycaret.internal.display.display.CommonDisplay object at 0x7c25559fc2b0>, model_only=True, return_train_score=False, error_score=0.0, kwargs={})
2024-08-19 16:36:08,240:INFO:Checking exceptions
2024-08-19 16:36:08,240:INFO:Importing libraries
2024-08-19 16:36:08,240:INFO:Copying training dataset
2024-08-19 16:36:08,248:INFO:Defining folds
2024-08-19 16:36:08,248:INFO:Declaring metric variables
2024-08-19 16:36:08,257:INFO:Importing untrained model
2024-08-19 16:36:08,270:INFO:Linear Regression Imported successfully
2024-08-19 16:36:08,295:INFO:Starting cross validation
2024-08-19 16:36:08,304:INFO:Cross validating with KFold(n_splits=10, random_state=None, shuffle=False), n_jobs=-1
2024-08-19 16:36:17,946:INFO:Calculating mean and std
2024-08-19 16:36:17,948:INFO:Creating metrics dataframe
2024-08-19 16:36:17,952:INFO:Uploading results into container
2024-08-19 16:36:17,953:INFO:Uploading model into container now
2024-08-19 16:36:17,953:INFO:_master_model_container: 1
2024-08-19 16:36:17,953:INFO:_display_container: 2
2024-08-19 16:36:17,954:INFO:LinearRegression(n_jobs=-1)
2024-08-19 16:36:17,954:INFO:create_model() successfully completed......................................
2024-08-19 16:36:18,172:INFO:SubProcess create_model() end ==================================
2024-08-19 16:36:18,173:INFO:Creating metrics dataframe
2024-08-19 16:36:18,189:INFO:Initializing Lasso Regression
2024-08-19 16:36:18,189:INFO:Total runtime is 0.1660518685976664 minutes
2024-08-19 16:36:18,201:INFO:SubProcess create_model() called ==================================
2024-08-19 16:36:18,202:INFO:Initializing create_model()
2024-08-19 16:36:18,202:INFO:create_model(self=<pycaret.regression.oop.RegressionExperiment object at 0x7c25aeb7b640>, estimator=lasso, fold=KFold(n_splits=10, random_state=None, shuffle=False), round=4, cross_validation=True, predict=True, fit_kwargs={}, groups=None, refit=False, probability_threshold=None, experiment_custom_tags=None, verbose=False, system=False, add_to_model_list=True, metrics=None, display=<pycaret.internal.display.display.CommonDisplay object at 0x7c25559fc2b0>, model_only=True, return_train_score=False, error_score=0.0, kwargs={})
2024-08-19 16:36:18,203:INFO:Checking exceptions
2024-08-19 16:36:18,203:INFO:Importing libraries
2024-08-19 16:36:18,203:INFO:Copying training dataset
2024-08-19 16:36:18,211:INFO:Defining folds
2024-08-19 16:36:18,211:INFO:Declaring metric variables
2024-08-19 16:36:18,224:INFO:Importing untrained model
2024-08-19 16:36:18,239:INFO:Lasso Regression Imported successfully
2024-08-19 16:36:18,261:INFO:Starting cross validation
2024-08-19 16:36:18,264:INFO:Cross validating with KFold(n_splits=10, random_state=None, shuffle=False), n_jobs=-1
2024-08-19 16:36:19,132:INFO:Calculating mean and std
2024-08-19 16:36:19,135:INFO:Creating metrics dataframe
2024-08-19 16:36:19,142:INFO:Uploading results into container
2024-08-19 16:36:19,143:INFO:Uploading model into container now
2024-08-19 16:36:19,144:INFO:_master_model_container: 2
2024-08-19 16:36:19,144:INFO:_display_container: 2
2024-08-19 16:36:19,144:INFO:Lasso(random_state=7407)
2024-08-19 16:36:19,144:INFO:create_model() successfully completed......................................
2024-08-19 16:36:19,341:INFO:SubProcess create_model() end ==================================
2024-08-19 16:36:19,341:INFO:Creating metrics dataframe
2024-08-19 16:36:19,350:INFO:Initializing Ridge Regression
2024-08-19 16:36:19,351:INFO:Total runtime is 0.1854154070218404 minutes
2024-08-19 16:36:19,363:INFO:SubProcess create_model() called ==================================
2024-08-19 16:36:19,364:INFO:Initializing create_model()
2024-08-19 16:36:19,365:INFO:create_model(self=<pycaret.regression.oop.RegressionExperiment object at 0x7c25aeb7b640>, estimator=ridge, fold=KFold(n_splits=10, random_state=None, shuffle=False), round=4, cross_validation=True, predict=True, fit_kwargs={}, groups=None, refit=False, probability_threshold=None, experiment_custom_tags=None, verbose=False, system=False, add_to_model_list=True, metrics=None, display=<pycaret.internal.display.display.CommonDisplay object at 0x7c25559fc2b0>, model_only=True, return_train_score=False, error_score=0.0, kwargs={})
2024-08-19 16:36:19,365:INFO:Checking exceptions
2024-08-19 16:36:19,365:INFO:Importing libraries
2024-08-19 16:36:19,365:INFO:Copying training dataset
2024-08-19 16:36:19,380:INFO:Defining folds
2024-08-19 16:36:19,380:INFO:Declaring metric variables
2024-08-19 16:36:19,402:INFO:Importing untrained model
2024-08-19 16:36:19,416:INFO:Ridge Regression Imported successfully
2024-08-19 16:36:19,446:INFO:Starting cross validation
2024-08-19 16:36:19,449:INFO:Cross validating with KFold(n_splits=10, random_state=None, shuffle=False), n_jobs=-1
2024-08-19 16:36:20,277:INFO:Calculating mean and std
2024-08-19 16:36:20,279:INFO:Creating metrics dataframe
2024-08-19 16:36:20,283:INFO:Uploading results into container
2024-08-19 16:36:20,283:INFO:Uploading model into container now
2024-08-19 16:36:20,285:INFO:_master_model_container: 3
2024-08-19 16:36:20,286:INFO:_display_container: 2
2024-08-19 16:36:20,286:INFO:Ridge(random_state=7407)
2024-08-19 16:36:20,286:INFO:create_model() successfully completed......................................
2024-08-19 16:36:20,489:INFO:SubProcess create_model() end ==================================
2024-08-19 16:36:20,489:INFO:Creating metrics dataframe
2024-08-19 16:36:20,501:INFO:Initializing Elastic Net
2024-08-19 16:36:20,502:INFO:Total runtime is 0.2046038826306661 minutes
2024-08-19 16:36:20,514:INFO:SubProcess create_model() called ==================================
2024-08-19 16:36:20,514:INFO:Initializing create_model()
2024-08-19 16:36:20,515:INFO:create_model(self=<pycaret.regression.oop.RegressionExperiment object at 0x7c25aeb7b640>, estimator=en, fold=KFold(n_splits=10, random_state=None, shuffle=False), round=4, cross_validation=True, predict=True, fit_kwargs={}, groups=None, refit=False, probability_threshold=None, experiment_custom_tags=None, verbose=False, system=False, add_to_model_list=True, metrics=None, display=<pycaret.internal.display.display.CommonDisplay object at 0x7c25559fc2b0>, model_only=True, return_train_score=False, error_score=0.0, kwargs={})
2024-08-19 16:36:20,515:INFO:Checking exceptions
2024-08-19 16:36:20,515:INFO:Importing libraries
2024-08-19 16:36:20,515:INFO:Copying training dataset
2024-08-19 16:36:20,523:INFO:Defining folds
2024-08-19 16:36:20,524:INFO:Declaring metric variables
2024-08-19 16:36:20,542:INFO:Importing untrained model
2024-08-19 16:36:20,554:INFO:Elastic Net Imported successfully
2024-08-19 16:36:20,576:INFO:Starting cross validation
2024-08-19 16:36:20,579:INFO:Cross validating with KFold(n_splits=10, random_state=None, shuffle=False), n_jobs=-1
2024-08-19 16:36:21,433:INFO:Calculating mean and std
2024-08-19 16:36:21,435:INFO:Creating metrics dataframe
2024-08-19 16:36:21,442:INFO:Uploading results into container
2024-08-19 16:36:21,443:INFO:Uploading model into container now
2024-08-19 16:36:21,443:INFO:_master_model_container: 4
2024-08-19 16:36:21,443:INFO:_display_container: 2
2024-08-19 16:36:21,444:INFO:ElasticNet(random_state=7407)
2024-08-19 16:36:21,444:INFO:create_model() successfully completed......................................
2024-08-19 16:36:21,643:INFO:SubProcess create_model() end ==================================
2024-08-19 16:36:21,643:INFO:Creating metrics dataframe
2024-08-19 16:36:21,653:INFO:Initializing Least Angle Regression
2024-08-19 16:36:21,653:INFO:Total runtime is 0.2237893501917521 minutes
2024-08-19 16:36:21,666:INFO:SubProcess create_model() called ==================================
2024-08-19 16:36:21,667:INFO:Initializing create_model()
2024-08-19 16:36:21,667:INFO:create_model(self=<pycaret.regression.oop.RegressionExperiment object at 0x7c25aeb7b640>, estimator=lar, fold=KFold(n_splits=10, random_state=None, shuffle=False), round=4, cross_validation=True, predict=True, fit_kwargs={}, groups=None, refit=False, probability_threshold=None, experiment_custom_tags=None, verbose=False, system=False, add_to_model_list=True, metrics=None, display=<pycaret.internal.display.display.CommonDisplay object at 0x7c25559fc2b0>, model_only=True, return_train_score=False, error_score=0.0, kwargs={})
2024-08-19 16:36:21,667:INFO:Checking exceptions
2024-08-19 16:36:21,667:INFO:Importing libraries
2024-08-19 16:36:21,667:INFO:Copying training dataset
2024-08-19 16:36:21,675:INFO:Defining folds
2024-08-19 16:36:21,675:INFO:Declaring metric variables
2024-08-19 16:36:21,690:INFO:Importing untrained model
2024-08-19 16:36:21,701:INFO:Least Angle Regression Imported successfully
2024-08-19 16:36:21,730:INFO:Starting cross validation
2024-08-19 16:36:21,734:INFO:Cross validating with KFold(n_splits=10, random_state=None, shuffle=False), n_jobs=-1
2024-08-19 16:36:22,557:INFO:Calculating mean and std
2024-08-19 16:36:22,558:INFO:Creating metrics dataframe
2024-08-19 16:36:22,567:INFO:Uploading results into container
2024-08-19 16:36:22,568:INFO:Uploading model into container now
2024-08-19 16:36:22,568:INFO:_master_model_container: 5
2024-08-19 16:36:22,568:INFO:_display_container: 2
2024-08-19 16:36:22,569:INFO:Lars(random_state=7407)
2024-08-19 16:36:22,569:INFO:create_model() successfully completed......................................
2024-08-19 16:36:22,761:INFO:SubProcess create_model() end ==================================
2024-08-19 16:36:22,761:INFO:Creating metrics dataframe
2024-08-19 16:36:22,774:INFO:Initializing Lasso Least Angle Regression
2024-08-19 16:36:22,776:INFO:Total runtime is 0.24249378442764283 minutes
2024-08-19 16:36:22,788:INFO:SubProcess create_model() called ==================================
2024-08-19 16:36:22,789:INFO:Initializing create_model()
2024-08-19 16:36:22,789:INFO:create_model(self=<pycaret.regression.oop.RegressionExperiment object at 0x7c25aeb7b640>, estimator=llar, fold=KFold(n_splits=10, random_state=None, shuffle=False), round=4, cross_validation=True, predict=True, fit_kwargs={}, groups=None, refit=False, probability_threshold=None, experiment_custom_tags=None, verbose=False, system=False, add_to_model_list=True, metrics=None, display=<pycaret.internal.display.display.CommonDisplay object at 0x7c25559fc2b0>, model_only=True, return_train_score=False, error_score=0.0, kwargs={})
2024-08-19 16:36:22,789:INFO:Checking exceptions
2024-08-19 16:36:22,789:INFO:Importing libraries
2024-08-19 16:36:22,789:INFO:Copying training dataset
2024-08-19 16:36:22,797:INFO:Defining folds
2024-08-19 16:36:22,798:INFO:Declaring metric variables
2024-08-19 16:36:22,811:INFO:Importing untrained model
2024-08-19 16:36:22,828:INFO:Lasso Least Angle Regression Imported successfully
2024-08-19 16:36:22,854:INFO:Starting cross validation
2024-08-19 16:36:22,857:INFO:Cross validating with KFold(n_splits=10, random_state=None, shuffle=False), n_jobs=-1
2024-08-19 16:36:23,682:INFO:Calculating mean and std
2024-08-19 16:36:23,684:INFO:Creating metrics dataframe
2024-08-19 16:36:23,693:INFO:Uploading results into container
2024-08-19 16:36:23,694:INFO:Uploading model into container now
2024-08-19 16:36:23,695:INFO:_master_model_container: 6
2024-08-19 16:36:23,695:INFO:_display_container: 2
2024-08-19 16:36:23,695:INFO:LassoLars(random_state=7407)
2024-08-19 16:36:23,695:INFO:create_model() successfully completed......................................
2024-08-19 16:36:23,900:INFO:SubProcess create_model() end ==================================
2024-08-19 16:36:23,900:INFO:Creating metrics dataframe
2024-08-19 16:36:23,912:INFO:Initializing Orthogonal Matching Pursuit
2024-08-19 16:36:23,913:INFO:Total runtime is 0.26144711176554364 minutes
2024-08-19 16:36:23,925:INFO:SubProcess create_model() called ==================================
2024-08-19 16:36:23,926:INFO:Initializing create_model()
2024-08-19 16:36:23,926:INFO:create_model(self=<pycaret.regression.oop.RegressionExperiment object at 0x7c25aeb7b640>, estimator=omp, fold=KFold(n_splits=10, random_state=None, shuffle=False), round=4, cross_validation=True, predict=True, fit_kwargs={}, groups=None, refit=False, probability_threshold=None, experiment_custom_tags=None, verbose=False, system=False, add_to_model_list=True, metrics=None, display=<pycaret.internal.display.display.CommonDisplay object at 0x7c25559fc2b0>, model_only=True, return_train_score=False, error_score=0.0, kwargs={})
2024-08-19 16:36:23,926:INFO:Checking exceptions
2024-08-19 16:36:23,926:INFO:Importing libraries
2024-08-19 16:36:23,926:INFO:Copying training dataset
2024-08-19 16:36:23,933:INFO:Defining folds
2024-08-19 16:36:23,933:INFO:Declaring metric variables
2024-08-19 16:36:23,946:INFO:Importing untrained model
2024-08-19 16:36:23,964:INFO:Orthogonal Matching Pursuit Imported successfully
2024-08-19 16:36:23,987:INFO:Starting cross validation
2024-08-19 16:36:23,990:INFO:Cross validating with KFold(n_splits=10, random_state=None, shuffle=False), n_jobs=-1
2024-08-19 16:36:24,883:INFO:Calculating mean and std
2024-08-19 16:36:24,886:INFO:Creating metrics dataframe
2024-08-19 16:36:24,890:INFO:Uploading results into container
2024-08-19 16:36:24,891:INFO:Uploading model into container now
2024-08-19 16:36:24,891:INFO:_master_model_container: 7
2024-08-19 16:36:24,892:INFO:_display_container: 2
2024-08-19 16:36:24,892:INFO:OrthogonalMatchingPursuit()
2024-08-19 16:36:24,895:INFO:create_model() successfully completed......................................
2024-08-19 16:36:25,145:INFO:SubProcess create_model() end ==================================
2024-08-19 16:36:25,145:INFO:Creating metrics dataframe
2024-08-19 16:36:25,162:INFO:Initializing Bayesian Ridge
2024-08-19 16:36:25,162:INFO:Total runtime is 0.28226216634114587 minutes
2024-08-19 16:36:25,176:INFO:SubProcess create_model() called ==================================
2024-08-19 16:36:25,176:INFO:Initializing create_model()
2024-08-19 16:36:25,177:INFO:create_model(self=<pycaret.regression.oop.RegressionExperiment object at 0x7c25aeb7b640>, estimator=br, fold=KFold(n_splits=10, random_state=None, shuffle=False), round=4, cross_validation=True, predict=True, fit_kwargs={}, groups=None, refit=False, probability_threshold=None, experiment_custom_tags=None, verbose=False, system=False, add_to_model_list=True, metrics=None, display=<pycaret.internal.display.display.CommonDisplay object at 0x7c25559fc2b0>, model_only=True, return_train_score=False, error_score=0.0, kwargs={})
2024-08-19 16:36:25,177:INFO:Checking exceptions
2024-08-19 16:36:25,177:INFO:Importing libraries
2024-08-19 16:36:25,177:INFO:Copying training dataset
2024-08-19 16:36:25,188:INFO:Defining folds
2024-08-19 16:36:25,188:INFO:Declaring metric variables
2024-08-19 16:36:25,201:INFO:Importing untrained model
2024-08-19 16:36:25,215:INFO:Bayesian Ridge Imported successfully
2024-08-19 16:36:25,242:INFO:Starting cross validation
2024-08-19 16:36:25,245:INFO:Cross validating with KFold(n_splits=10, random_state=None, shuffle=False), n_jobs=-1
2024-08-19 16:36:26,745:INFO:Calculating mean and std
2024-08-19 16:36:26,749:INFO:Creating metrics dataframe
2024-08-19 16:36:26,760:INFO:Uploading results into container
2024-08-19 16:36:26,763:INFO:Uploading model into container now
2024-08-19 16:36:26,763:INFO:_master_model_container: 8
2024-08-19 16:36:26,764:INFO:_display_container: 2
2024-08-19 16:36:26,764:INFO:BayesianRidge()
2024-08-19 16:36:26,764:INFO:create_model() successfully completed......................................
2024-08-19 16:36:27,011:INFO:SubProcess create_model() end ==================================
2024-08-19 16:36:27,011:INFO:Creating metrics dataframe
2024-08-19 16:36:27,028:INFO:Initializing Passive Aggressive Regressor
2024-08-19 16:36:27,028:INFO:Total runtime is 0.3133639534314474 minutes
2024-08-19 16:36:27,042:INFO:SubProcess create_model() called ==================================
2024-08-19 16:36:27,043:INFO:Initializing create_model()
2024-08-19 16:36:27,043:INFO:create_model(self=<pycaret.regression.oop.RegressionExperiment object at 0x7c25aeb7b640>, estimator=par, fold=KFold(n_splits=10, random_state=None, shuffle=False), round=4, cross_validation=True, predict=True, fit_kwargs={}, groups=None, refit=False, probability_threshold=None, experiment_custom_tags=None, verbose=False, system=False, add_to_model_list=True, metrics=None, display=<pycaret.internal.display.display.CommonDisplay object at 0x7c25559fc2b0>, model_only=True, return_train_score=False, error_score=0.0, kwargs={})
2024-08-19 16:36:27,043:INFO:Checking exceptions
2024-08-19 16:36:27,043:INFO:Importing libraries
2024-08-19 16:36:27,043:INFO:Copying training dataset
2024-08-19 16:36:27,054:INFO:Defining folds
2024-08-19 16:36:27,054:INFO:Declaring metric variables
2024-08-19 16:36:27,068:INFO:Importing untrained model
2024-08-19 16:36:27,084:INFO:Passive Aggressive Regressor Imported successfully
2024-08-19 16:36:27,112:INFO:Starting cross validation
2024-08-19 16:36:27,116:INFO:Cross validating with KFold(n_splits=10, random_state=None, shuffle=False), n_jobs=-1
2024-08-19 16:36:28,643:INFO:Calculating mean and std
2024-08-19 16:36:28,645:INFO:Creating metrics dataframe
2024-08-19 16:36:28,648:INFO:Uploading results into container
2024-08-19 16:36:28,650:INFO:Uploading model into container now
2024-08-19 16:36:28,651:INFO:_master_model_container: 9
2024-08-19 16:36:28,651:INFO:_display_container: 2
2024-08-19 16:36:28,652:INFO:PassiveAggressiveRegressor(random_state=7407)
2024-08-19 16:36:28,652:INFO:create_model() successfully completed......................................
2024-08-19 16:36:28,923:INFO:SubProcess create_model() end ==================================
2024-08-19 16:36:28,923:INFO:Creating metrics dataframe
2024-08-19 16:36:28,944:INFO:Initializing Huber Regressor
2024-08-19 16:36:28,944:INFO:Total runtime is 0.3453007817268372 minutes
2024-08-19 16:36:28,960:INFO:SubProcess create_model() called ==================================
2024-08-19 16:36:28,961:INFO:Initializing create_model()
2024-08-19 16:36:28,961:INFO:create_model(self=<pycaret.regression.oop.RegressionExperiment object at 0x7c25aeb7b640>, estimator=huber, fold=KFold(n_splits=10, random_state=None, shuffle=False), round=4, cross_validation=True, predict=True, fit_kwargs={}, groups=None, refit=False, probability_threshold=None, experiment_custom_tags=None, verbose=False, system=False, add_to_model_list=True, metrics=None, display=<pycaret.internal.display.display.CommonDisplay object at 0x7c25559fc2b0>, model_only=True, return_train_score=False, error_score=0.0, kwargs={})
2024-08-19 16:36:28,961:INFO:Checking exceptions
2024-08-19 16:36:28,961:INFO:Importing libraries
2024-08-19 16:36:28,961:INFO:Copying training dataset
2024-08-19 16:36:28,975:INFO:Defining folds
2024-08-19 16:36:28,976:INFO:Declaring metric variables
2024-08-19 16:36:28,990:INFO:Importing untrained model
2024-08-19 16:36:29,004:INFO:Huber Regressor Imported successfully
2024-08-19 16:36:29,030:INFO:Starting cross validation
2024-08-19 16:36:29,033:INFO:Cross validating with KFold(n_splits=10, random_state=None, shuffle=False), n_jobs=-1
2024-08-19 16:36:29,322:WARNING:/usr/local/lib/python3.10/dist-packages/sklearn/linear_model/_huber.py:342: ConvergenceWarning: lbfgs failed to converge (status=1):
STOP: TOTAL NO. of ITERATIONS REACHED LIMIT.

Increase the number of iterations (max_iter) or scale the data as shown in:
    https://scikit-learn.org/stable/modules/preprocessing.html
  self.n_iter_ = _check_optimize_result("lbfgs", opt_res, self.max_iter)

2024-08-19 16:36:29,421:WARNING:/usr/local/lib/python3.10/dist-packages/sklearn/linear_model/_huber.py:342: ConvergenceWarning: lbfgs failed to converge (status=1):
STOP: TOTAL NO. of ITERATIONS REACHED LIMIT.

Increase the number of iterations (max_iter) or scale the data as shown in:
    https://scikit-learn.org/stable/modules/preprocessing.html
  self.n_iter_ = _check_optimize_result("lbfgs", opt_res, self.max_iter)

2024-08-19 16:36:29,783:WARNING:/usr/local/lib/python3.10/dist-packages/sklearn/linear_model/_huber.py:342: ConvergenceWarning: lbfgs failed to converge (status=1):
STOP: TOTAL NO. of ITERATIONS REACHED LIMIT.

Increase the number of iterations (max_iter) or scale the data as shown in:
    https://scikit-learn.org/stable/modules/preprocessing.html
  self.n_iter_ = _check_optimize_result("lbfgs", opt_res, self.max_iter)

2024-08-19 16:36:29,825:WARNING:/usr/local/lib/python3.10/dist-packages/sklearn/linear_model/_huber.py:342: ConvergenceWarning: lbfgs failed to converge (status=1):
STOP: TOTAL NO. of ITERATIONS REACHED LIMIT.

Increase the number of iterations (max_iter) or scale the data as shown in:
    https://scikit-learn.org/stable/modules/preprocessing.html
  self.n_iter_ = _check_optimize_result("lbfgs", opt_res, self.max_iter)

2024-08-19 16:36:30,061:WARNING:/usr/local/lib/python3.10/dist-packages/sklearn/linear_model/_huber.py:342: ConvergenceWarning: lbfgs failed to converge (status=1):
STOP: TOTAL NO. of ITERATIONS REACHED LIMIT.

Increase the number of iterations (max_iter) or scale the data as shown in:
    https://scikit-learn.org/stable/modules/preprocessing.html
  self.n_iter_ = _check_optimize_result("lbfgs", opt_res, self.max_iter)

2024-08-19 16:36:30,095:WARNING:/usr/local/lib/python3.10/dist-packages/sklearn/linear_model/_huber.py:342: ConvergenceWarning: lbfgs failed to converge (status=1):
STOP: TOTAL NO. of ITERATIONS REACHED LIMIT.

Increase the number of iterations (max_iter) or scale the data as shown in:
    https://scikit-learn.org/stable/modules/preprocessing.html
  self.n_iter_ = _check_optimize_result("lbfgs", opt_res, self.max_iter)

2024-08-19 16:36:30,311:WARNING:/usr/local/lib/python3.10/dist-packages/sklearn/linear_model/_huber.py:342: ConvergenceWarning: lbfgs failed to converge (status=1):
STOP: TOTAL NO. of ITERATIONS REACHED LIMIT.

Increase the number of iterations (max_iter) or scale the data as shown in:
    https://scikit-learn.org/stable/modules/preprocessing.html
  self.n_iter_ = _check_optimize_result("lbfgs", opt_res, self.max_iter)

2024-08-19 16:36:30,313:WARNING:/usr/local/lib/python3.10/dist-packages/sklearn/linear_model/_huber.py:342: ConvergenceWarning: lbfgs failed to converge (status=1):
STOP: TOTAL NO. of ITERATIONS REACHED LIMIT.

Increase the number of iterations (max_iter) or scale the data as shown in:
    https://scikit-learn.org/stable/modules/preprocessing.html
  self.n_iter_ = _check_optimize_result("lbfgs", opt_res, self.max_iter)

2024-08-19 16:36:30,517:WARNING:/usr/local/lib/python3.10/dist-packages/sklearn/linear_model/_huber.py:342: ConvergenceWarning: lbfgs failed to converge (status=1):
STOP: TOTAL NO. of ITERATIONS REACHED LIMIT.

Increase the number of iterations (max_iter) or scale the data as shown in:
    https://scikit-learn.org/stable/modules/preprocessing.html
  self.n_iter_ = _check_optimize_result("lbfgs", opt_res, self.max_iter)

2024-08-19 16:36:30,527:WARNING:/usr/local/lib/python3.10/dist-packages/sklearn/linear_model/_huber.py:342: ConvergenceWarning: lbfgs failed to converge (status=1):
STOP: TOTAL NO. of ITERATIONS REACHED LIMIT.

Increase the number of iterations (max_iter) or scale the data as shown in:
    https://scikit-learn.org/stable/modules/preprocessing.html
  self.n_iter_ = _check_optimize_result("lbfgs", opt_res, self.max_iter)

2024-08-19 16:36:30,616:INFO:Calculating mean and std
2024-08-19 16:36:30,620:INFO:Creating metrics dataframe
2024-08-19 16:36:30,626:INFO:Uploading results into container
2024-08-19 16:36:30,627:INFO:Uploading model into container now
2024-08-19 16:36:30,631:INFO:_master_model_container: 10
2024-08-19 16:36:30,631:INFO:_display_container: 2
2024-08-19 16:36:30,631:INFO:HuberRegressor()
2024-08-19 16:36:30,631:INFO:create_model() successfully completed......................................
2024-08-19 16:36:30,876:INFO:SubProcess create_model() end ==================================
2024-08-19 16:36:30,877:INFO:Creating metrics dataframe
2024-08-19 16:36:30,891:INFO:Initializing K Neighbors Regressor
2024-08-19 16:36:30,892:INFO:Total runtime is 0.37776075204213466 minutes
2024-08-19 16:36:30,904:INFO:SubProcess create_model() called ==================================
2024-08-19 16:36:30,905:INFO:Initializing create_model()
2024-08-19 16:36:30,905:INFO:create_model(self=<pycaret.regression.oop.RegressionExperiment object at 0x7c25aeb7b640>, estimator=knn, fold=KFold(n_splits=10, random_state=None, shuffle=False), round=4, cross_validation=True, predict=True, fit_kwargs={}, groups=None, refit=False, probability_threshold=None, experiment_custom_tags=None, verbose=False, system=False, add_to_model_list=True, metrics=None, display=<pycaret.internal.display.display.CommonDisplay object at 0x7c25559fc2b0>, model_only=True, return_train_score=False, error_score=0.0, kwargs={})
2024-08-19 16:36:30,905:INFO:Checking exceptions
2024-08-19 16:36:30,905:INFO:Importing libraries
2024-08-19 16:36:30,905:INFO:Copying training dataset
2024-08-19 16:36:30,913:INFO:Defining folds
2024-08-19 16:36:30,913:INFO:Declaring metric variables
2024-08-19 16:36:30,926:INFO:Importing untrained model
2024-08-19 16:36:30,939:INFO:K Neighbors Regressor Imported successfully
2024-08-19 16:36:30,972:INFO:Starting cross validation
2024-08-19 16:36:30,975:INFO:Cross validating with KFold(n_splits=10, random_state=None, shuffle=False), n_jobs=-1
2024-08-19 16:36:31,858:INFO:Calculating mean and std
2024-08-19 16:36:31,860:INFO:Creating metrics dataframe
2024-08-19 16:36:31,863:INFO:Uploading results into container
2024-08-19 16:36:31,864:INFO:Uploading model into container now
2024-08-19 16:36:31,865:INFO:_master_model_container: 11
2024-08-19 16:36:31,869:INFO:_display_container: 2
2024-08-19 16:36:31,869:INFO:KNeighborsRegressor(n_jobs=-1)
2024-08-19 16:36:31,869:INFO:create_model() successfully completed......................................
2024-08-19 16:36:32,072:INFO:SubProcess create_model() end ==================================
2024-08-19 16:36:32,072:INFO:Creating metrics dataframe
2024-08-19 16:36:32,085:INFO:Initializing Decision Tree Regressor
2024-08-19 16:36:32,085:INFO:Total runtime is 0.39765452146530156 minutes
2024-08-19 16:36:32,100:INFO:SubProcess create_model() called ==================================
2024-08-19 16:36:32,101:INFO:Initializing create_model()
2024-08-19 16:36:32,101:INFO:create_model(self=<pycaret.regression.oop.RegressionExperiment object at 0x7c25aeb7b640>, estimator=dt, fold=KFold(n_splits=10, random_state=None, shuffle=False), round=4, cross_validation=True, predict=True, fit_kwargs={}, groups=None, refit=False, probability_threshold=None, experiment_custom_tags=None, verbose=False, system=False, add_to_model_list=True, metrics=None, display=<pycaret.internal.display.display.CommonDisplay object at 0x7c25559fc2b0>, model_only=True, return_train_score=False, error_score=0.0, kwargs={})
2024-08-19 16:36:32,101:INFO:Checking exceptions
2024-08-19 16:36:32,101:INFO:Importing libraries
2024-08-19 16:36:32,101:INFO:Copying training dataset
2024-08-19 16:36:32,110:INFO:Defining folds
2024-08-19 16:36:32,110:INFO:Declaring metric variables
2024-08-19 16:36:32,129:INFO:Importing untrained model
2024-08-19 16:36:32,143:INFO:Decision Tree Regressor Imported successfully
2024-08-19 16:36:32,166:INFO:Starting cross validation
2024-08-19 16:36:32,169:INFO:Cross validating with KFold(n_splits=10, random_state=None, shuffle=False), n_jobs=-1
2024-08-19 16:36:33,036:INFO:Calculating mean and std
2024-08-19 16:36:33,038:INFO:Creating metrics dataframe
2024-08-19 16:36:33,044:INFO:Uploading results into container
2024-08-19 16:36:33,045:INFO:Uploading model into container now
2024-08-19 16:36:33,046:INFO:_master_model_container: 12
2024-08-19 16:36:33,046:INFO:_display_container: 2
2024-08-19 16:36:33,047:INFO:DecisionTreeRegressor(random_state=7407)
2024-08-19 16:36:33,047:INFO:create_model() successfully completed......................................
2024-08-19 16:36:33,242:INFO:SubProcess create_model() end ==================================
2024-08-19 16:36:33,242:INFO:Creating metrics dataframe
2024-08-19 16:36:33,255:INFO:Initializing Random Forest Regressor
2024-08-19 16:36:33,255:INFO:Total runtime is 0.4171575705210368 minutes
2024-08-19 16:36:33,269:INFO:SubProcess create_model() called ==================================
2024-08-19 16:36:33,270:INFO:Initializing create_model()
2024-08-19 16:36:33,270:INFO:create_model(self=<pycaret.regression.oop.RegressionExperiment object at 0x7c25aeb7b640>, estimator=rf, fold=KFold(n_splits=10, random_state=None, shuffle=False), round=4, cross_validation=True, predict=True, fit_kwargs={}, groups=None, refit=False, probability_threshold=None, experiment_custom_tags=None, verbose=False, system=False, add_to_model_list=True, metrics=None, display=<pycaret.internal.display.display.CommonDisplay object at 0x7c25559fc2b0>, model_only=True, return_train_score=False, error_score=0.0, kwargs={})
2024-08-19 16:36:33,270:INFO:Checking exceptions
2024-08-19 16:36:33,270:INFO:Importing libraries
2024-08-19 16:36:33,270:INFO:Copying training dataset
2024-08-19 16:36:33,284:INFO:Defining folds
2024-08-19 16:36:33,284:INFO:Declaring metric variables
2024-08-19 16:36:33,297:INFO:Importing untrained model
2024-08-19 16:36:33,311:INFO:Random Forest Regressor Imported successfully
2024-08-19 16:36:33,341:INFO:Starting cross validation
2024-08-19 16:36:33,345:INFO:Cross validating with KFold(n_splits=10, random_state=None, shuffle=False), n_jobs=-1
2024-08-19 16:36:37,314:INFO:Calculating mean and std
2024-08-19 16:36:37,315:INFO:Creating metrics dataframe
2024-08-19 16:36:37,321:INFO:Uploading results into container
2024-08-19 16:36:37,322:INFO:Uploading model into container now
2024-08-19 16:36:37,323:INFO:_master_model_container: 13
2024-08-19 16:36:37,323:INFO:_display_container: 2
2024-08-19 16:36:37,323:INFO:RandomForestRegressor(n_jobs=-1, random_state=7407)
2024-08-19 16:36:37,324:INFO:create_model() successfully completed......................................
2024-08-19 16:36:37,518:INFO:SubProcess create_model() end ==================================
2024-08-19 16:36:37,518:INFO:Creating metrics dataframe
2024-08-19 16:36:37,537:INFO:Initializing Extra Trees Regressor
2024-08-19 16:36:37,537:INFO:Total runtime is 0.48851270278294884 minutes
2024-08-19 16:36:37,549:INFO:SubProcess create_model() called ==================================
2024-08-19 16:36:37,550:INFO:Initializing create_model()
2024-08-19 16:36:37,550:INFO:create_model(self=<pycaret.regression.oop.RegressionExperiment object at 0x7c25aeb7b640>, estimator=et, fold=KFold(n_splits=10, random_state=None, shuffle=False), round=4, cross_validation=True, predict=True, fit_kwargs={}, groups=None, refit=False, probability_threshold=None, experiment_custom_tags=None, verbose=False, system=False, add_to_model_list=True, metrics=None, display=<pycaret.internal.display.display.CommonDisplay object at 0x7c25559fc2b0>, model_only=True, return_train_score=False, error_score=0.0, kwargs={})
2024-08-19 16:36:37,550:INFO:Checking exceptions
2024-08-19 16:36:37,550:INFO:Importing libraries
2024-08-19 16:36:37,550:INFO:Copying training dataset
2024-08-19 16:36:37,560:INFO:Defining folds
2024-08-19 16:36:37,560:INFO:Declaring metric variables
2024-08-19 16:36:37,579:INFO:Importing untrained model
2024-08-19 16:36:37,592:INFO:Extra Trees Regressor Imported successfully
2024-08-19 16:36:37,618:INFO:Starting cross validation
2024-08-19 16:36:37,626:INFO:Cross validating with KFold(n_splits=10, random_state=None, shuffle=False), n_jobs=-1
2024-08-19 16:36:41,695:INFO:Calculating mean and std
2024-08-19 16:36:41,700:INFO:Creating metrics dataframe
2024-08-19 16:36:41,710:INFO:Uploading results into container
2024-08-19 16:36:41,711:INFO:Uploading model into container now
2024-08-19 16:36:41,713:INFO:_master_model_container: 14
2024-08-19 16:36:41,713:INFO:_display_container: 2
2024-08-19 16:36:41,714:INFO:ExtraTreesRegressor(n_jobs=-1, random_state=7407)
2024-08-19 16:36:41,714:INFO:create_model() successfully completed......................................
2024-08-19 16:36:41,985:INFO:SubProcess create_model() end ==================================
2024-08-19 16:36:41,985:INFO:Creating metrics dataframe
2024-08-19 16:36:42,006:INFO:Initializing AdaBoost Regressor
2024-08-19 16:36:42,007:INFO:Total runtime is 0.563015878200531 minutes
2024-08-19 16:36:42,027:INFO:SubProcess create_model() called ==================================
2024-08-19 16:36:42,027:INFO:Initializing create_model()
2024-08-19 16:36:42,027:INFO:create_model(self=<pycaret.regression.oop.RegressionExperiment object at 0x7c25aeb7b640>, estimator=ada, fold=KFold(n_splits=10, random_state=None, shuffle=False), round=4, cross_validation=True, predict=True, fit_kwargs={}, groups=None, refit=False, probability_threshold=None, experiment_custom_tags=None, verbose=False, system=False, add_to_model_list=True, metrics=None, display=<pycaret.internal.display.display.CommonDisplay object at 0x7c25559fc2b0>, model_only=True, return_train_score=False, error_score=0.0, kwargs={})
2024-08-19 16:36:42,027:INFO:Checking exceptions
2024-08-19 16:36:42,027:INFO:Importing libraries
2024-08-19 16:36:42,027:INFO:Copying training dataset
2024-08-19 16:36:42,038:INFO:Defining folds
2024-08-19 16:36:42,039:INFO:Declaring metric variables
2024-08-19 16:36:42,055:INFO:Importing untrained model
2024-08-19 16:36:42,071:INFO:AdaBoost Regressor Imported successfully
2024-08-19 16:36:42,098:INFO:Starting cross validation
2024-08-19 16:36:42,101:INFO:Cross validating with KFold(n_splits=10, random_state=None, shuffle=False), n_jobs=-1
2024-08-19 16:36:45,366:INFO:Calculating mean and std
2024-08-19 16:36:45,372:INFO:Creating metrics dataframe
2024-08-19 16:36:45,377:INFO:Uploading results into container
2024-08-19 16:36:45,382:INFO:Uploading model into container now
2024-08-19 16:36:45,383:INFO:_master_model_container: 15
2024-08-19 16:36:45,384:INFO:_display_container: 2
2024-08-19 16:36:45,384:INFO:AdaBoostRegressor(random_state=7407)
2024-08-19 16:36:45,384:INFO:create_model() successfully completed......................................
2024-08-19 16:36:45,922:INFO:SubProcess create_model() end ==================================
2024-08-19 16:36:45,923:INFO:Creating metrics dataframe
2024-08-19 16:36:45,944:INFO:Initializing Gradient Boosting Regressor
2024-08-19 16:36:45,944:INFO:Total runtime is 0.6286413073539734 minutes
2024-08-19 16:36:45,960:INFO:SubProcess create_model() called ==================================
2024-08-19 16:36:45,960:INFO:Initializing create_model()
2024-08-19 16:36:45,960:INFO:create_model(self=<pycaret.regression.oop.RegressionExperiment object at 0x7c25aeb7b640>, estimator=gbr, fold=KFold(n_splits=10, random_state=None, shuffle=False), round=4, cross_validation=True, predict=True, fit_kwargs={}, groups=None, refit=False, probability_threshold=None, experiment_custom_tags=None, verbose=False, system=False, add_to_model_list=True, metrics=None, display=<pycaret.internal.display.display.CommonDisplay object at 0x7c25559fc2b0>, model_only=True, return_train_score=False, error_score=0.0, kwargs={})
2024-08-19 16:36:45,960:INFO:Checking exceptions
2024-08-19 16:36:45,960:INFO:Importing libraries
2024-08-19 16:36:45,961:INFO:Copying training dataset
2024-08-19 16:36:45,975:INFO:Defining folds
2024-08-19 16:36:45,978:INFO:Declaring metric variables
2024-08-19 16:36:45,994:INFO:Importing untrained model
2024-08-19 16:36:46,008:INFO:Gradient Boosting Regressor Imported successfully
2024-08-19 16:36:46,046:INFO:Starting cross validation
2024-08-19 16:36:46,048:INFO:Cross validating with KFold(n_splits=10, random_state=None, shuffle=False), n_jobs=-1
2024-08-19 16:36:47,874:INFO:Calculating mean and std
2024-08-19 16:36:47,875:INFO:Creating metrics dataframe
2024-08-19 16:36:47,882:INFO:Uploading results into container
2024-08-19 16:36:47,883:INFO:Uploading model into container now
2024-08-19 16:36:47,884:INFO:_master_model_container: 16
2024-08-19 16:36:47,884:INFO:_display_container: 2
2024-08-19 16:36:47,884:INFO:GradientBoostingRegressor(random_state=7407)
2024-08-19 16:36:47,884:INFO:create_model() successfully completed......................................
2024-08-19 16:36:48,075:INFO:SubProcess create_model() end ==================================
2024-08-19 16:36:48,075:INFO:Creating metrics dataframe
2024-08-19 16:36:48,089:INFO:Initializing Extreme Gradient Boosting
2024-08-19 16:36:48,090:INFO:Total runtime is 0.6643945892651876 minutes
2024-08-19 16:36:48,104:INFO:SubProcess create_model() called ==================================
2024-08-19 16:36:48,105:INFO:Initializing create_model()
2024-08-19 16:36:48,105:INFO:create_model(self=<pycaret.regression.oop.RegressionExperiment object at 0x7c25aeb7b640>, estimator=xgboost, fold=KFold(n_splits=10, random_state=None, shuffle=False), round=4, cross_validation=True, predict=True, fit_kwargs={}, groups=None, refit=False, probability_threshold=None, experiment_custom_tags=None, verbose=False, system=False, add_to_model_list=True, metrics=None, display=<pycaret.internal.display.display.CommonDisplay object at 0x7c25559fc2b0>, model_only=True, return_train_score=False, error_score=0.0, kwargs={})
2024-08-19 16:36:48,105:INFO:Checking exceptions
2024-08-19 16:36:48,105:INFO:Importing libraries
2024-08-19 16:36:48,105:INFO:Copying training dataset
2024-08-19 16:36:48,114:INFO:Defining folds
2024-08-19 16:36:48,115:INFO:Declaring metric variables
2024-08-19 16:36:48,130:INFO:Importing untrained model
2024-08-19 16:36:48,144:INFO:Extreme Gradient Boosting Imported successfully
2024-08-19 16:36:48,168:INFO:Starting cross validation
2024-08-19 16:36:48,171:INFO:Cross validating with KFold(n_splits=10, random_state=None, shuffle=False), n_jobs=-1
2024-08-19 16:36:50,603:INFO:Calculating mean and std
2024-08-19 16:36:50,614:INFO:Creating metrics dataframe
2024-08-19 16:36:50,626:INFO:Uploading results into container
2024-08-19 16:36:50,634:INFO:Uploading model into container now
2024-08-19 16:36:50,636:INFO:_master_model_container: 17
2024-08-19 16:36:50,636:INFO:_display_container: 2
2024-08-19 16:36:50,640:INFO:XGBRegressor(base_score=None, booster='gbtree', callbacks=None,
             colsample_bylevel=None, colsample_bynode=None,
             colsample_bytree=None, device='cpu', early_stopping_rounds=None,
             enable_categorical=False, eval_metric=None, feature_types=None,
             gamma=None, grow_policy=None, importance_type=None,
             interaction_constraints=None, learning_rate=None, max_bin=None,
             max_cat_threshold=None, max_cat_to_onehot=None,
             max_delta_step=None, max_depth=None, max_leaves=None,
             min_child_weight=None, missing=nan, monotone_constraints=None,
             multi_strategy=None, n_estimators=None, n_jobs=-1,
             num_parallel_tree=None, random_state=7407, ...)
2024-08-19 16:36:50,640:INFO:create_model() successfully completed......................................
2024-08-19 16:36:50,942:INFO:SubProcess create_model() end ==================================
2024-08-19 16:36:50,943:INFO:Creating metrics dataframe
2024-08-19 16:36:50,970:INFO:Initializing Light Gradient Boosting Machine
2024-08-19 16:36:50,971:INFO:Total runtime is 0.7124092737833658 minutes
2024-08-19 16:36:50,986:INFO:SubProcess create_model() called ==================================
2024-08-19 16:36:50,987:INFO:Initializing create_model()
2024-08-19 16:36:50,987:INFO:create_model(self=<pycaret.regression.oop.RegressionExperiment object at 0x7c25aeb7b640>, estimator=lightgbm, fold=KFold(n_splits=10, random_state=None, shuffle=False), round=4, cross_validation=True, predict=True, fit_kwargs={}, groups=None, refit=False, probability_threshold=None, experiment_custom_tags=None, verbose=False, system=False, add_to_model_list=True, metrics=None, display=<pycaret.internal.display.display.CommonDisplay object at 0x7c25559fc2b0>, model_only=True, return_train_score=False, error_score=0.0, kwargs={})
2024-08-19 16:36:50,987:INFO:Checking exceptions
2024-08-19 16:36:50,988:INFO:Importing libraries
2024-08-19 16:36:50,988:INFO:Copying training dataset
2024-08-19 16:36:50,999:INFO:Defining folds
2024-08-19 16:36:50,999:INFO:Declaring metric variables
2024-08-19 16:36:51,019:INFO:Importing untrained model
2024-08-19 16:36:51,035:INFO:Light Gradient Boosting Machine Imported successfully
2024-08-19 16:36:51,082:INFO:Starting cross validation
2024-08-19 16:36:51,085:INFO:Cross validating with KFold(n_splits=10, random_state=None, shuffle=False), n_jobs=-1
2024-08-19 16:36:55,765:INFO:Calculating mean and std
2024-08-19 16:36:55,768:INFO:Creating metrics dataframe
2024-08-19 16:36:55,780:INFO:Uploading results into container
2024-08-19 16:36:55,781:INFO:Uploading model into container now
2024-08-19 16:36:55,782:INFO:_master_model_container: 18
2024-08-19 16:36:55,782:INFO:_display_container: 2
2024-08-19 16:36:55,783:INFO:LGBMRegressor(n_jobs=-1, random_state=7407)
2024-08-19 16:36:55,783:INFO:create_model() successfully completed......................................
2024-08-19 16:36:56,138:INFO:SubProcess create_model() end ==================================
2024-08-19 16:36:56,141:INFO:Creating metrics dataframe
2024-08-19 16:36:56,169:INFO:Initializing CatBoost Regressor
2024-08-19 16:36:56,169:INFO:Total runtime is 0.799046778678894 minutes
2024-08-19 16:36:56,201:INFO:SubProcess create_model() called ==================================
2024-08-19 16:36:56,202:INFO:Initializing create_model()
2024-08-19 16:36:56,202:INFO:create_model(self=<pycaret.regression.oop.RegressionExperiment object at 0x7c25aeb7b640>, estimator=catboost, fold=KFold(n_splits=10, random_state=None, shuffle=False), round=4, cross_validation=True, predict=True, fit_kwargs={}, groups=None, refit=False, probability_threshold=None, experiment_custom_tags=None, verbose=False, system=False, add_to_model_list=True, metrics=None, display=<pycaret.internal.display.display.CommonDisplay object at 0x7c25559fc2b0>, model_only=True, return_train_score=False, error_score=0.0, kwargs={})
2024-08-19 16:36:56,202:INFO:Checking exceptions
2024-08-19 16:36:56,202:INFO:Importing libraries
2024-08-19 16:36:56,202:INFO:Copying training dataset
2024-08-19 16:36:56,213:INFO:Defining folds
2024-08-19 16:36:56,213:INFO:Declaring metric variables
2024-08-19 16:36:56,230:INFO:Importing untrained model
2024-08-19 16:36:56,283:INFO:CatBoost Regressor Imported successfully
2024-08-19 16:36:56,375:INFO:Starting cross validation
2024-08-19 16:36:56,382:INFO:Cross validating with KFold(n_splits=10, random_state=None, shuffle=False), n_jobs=-1
2024-08-19 16:37:12,218:INFO:Calculating mean and std
2024-08-19 16:37:12,219:INFO:Creating metrics dataframe
2024-08-19 16:37:12,229:INFO:Uploading results into container
2024-08-19 16:37:12,230:INFO:Uploading model into container now
2024-08-19 16:37:12,231:INFO:_master_model_container: 19
2024-08-19 16:37:12,231:INFO:_display_container: 2
2024-08-19 16:37:12,231:INFO:<catboost.core.CatBoostRegressor object at 0x7c2555d82920>
2024-08-19 16:37:12,231:INFO:create_model() successfully completed......................................
2024-08-19 16:37:12,420:INFO:SubProcess create_model() end ==================================
2024-08-19 16:37:12,420:INFO:Creating metrics dataframe
2024-08-19 16:37:12,435:INFO:Initializing Dummy Regressor
2024-08-19 16:37:12,435:INFO:Total runtime is 1.0701520681381225 minutes
2024-08-19 16:37:12,448:INFO:SubProcess create_model() called ==================================
2024-08-19 16:37:12,449:INFO:Initializing create_model()
2024-08-19 16:37:12,450:INFO:create_model(self=<pycaret.regression.oop.RegressionExperiment object at 0x7c25aeb7b640>, estimator=dummy, fold=KFold(n_splits=10, random_state=None, shuffle=False), round=4, cross_validation=True, predict=True, fit_kwargs={}, groups=None, refit=False, probability_threshold=None, experiment_custom_tags=None, verbose=False, system=False, add_to_model_list=True, metrics=None, display=<pycaret.internal.display.display.CommonDisplay object at 0x7c25559fc2b0>, model_only=True, return_train_score=False, error_score=0.0, kwargs={})
2024-08-19 16:37:12,450:INFO:Checking exceptions
2024-08-19 16:37:12,450:INFO:Importing libraries
2024-08-19 16:37:12,450:INFO:Copying training dataset
2024-08-19 16:37:12,466:INFO:Defining folds
2024-08-19 16:37:12,466:INFO:Declaring metric variables
2024-08-19 16:37:12,481:INFO:Importing untrained model
2024-08-19 16:37:12,494:INFO:Dummy Regressor Imported successfully
2024-08-19 16:37:12,521:INFO:Starting cross validation
2024-08-19 16:37:12,524:INFO:Cross validating with KFold(n_splits=10, random_state=None, shuffle=False), n_jobs=-1
2024-08-19 16:37:13,651:INFO:Calculating mean and std
2024-08-19 16:37:13,655:INFO:Creating metrics dataframe
2024-08-19 16:37:13,661:INFO:Uploading results into container
2024-08-19 16:37:13,662:INFO:Uploading model into container now
2024-08-19 16:37:13,662:INFO:_master_model_container: 20
2024-08-19 16:37:13,662:INFO:_display_container: 2
2024-08-19 16:37:13,663:INFO:DummyRegressor()
2024-08-19 16:37:13,663:INFO:create_model() successfully completed......................................
2024-08-19 16:37:13,897:INFO:SubProcess create_model() end ==================================
2024-08-19 16:37:13,897:INFO:Creating metrics dataframe
2024-08-19 16:37:13,923:WARNING:/usr/local/lib/python3.10/dist-packages/pycaret/internal/pycaret_experiment/supervised_experiment.py:323: FutureWarning: Styler.applymap has been deprecated. Use Styler.map instead.
  master_display_.apply(

2024-08-19 16:37:13,971:INFO:Initializing create_model()
2024-08-19 16:37:13,972:INFO:create_model(self=<pycaret.regression.oop.RegressionExperiment object at 0x7c25aeb7b640>, estimator=GradientBoostingRegressor(random_state=7407), fold=KFold(n_splits=10, random_state=None, shuffle=False), round=4, cross_validation=False, predict=False, fit_kwargs={}, groups=None, refit=True, probability_threshold=None, experiment_custom_tags=None, verbose=False, system=False, add_to_model_list=True, metrics=None, display=None, model_only=True, return_train_score=False, error_score=0.0, kwargs={})
2024-08-19 16:37:13,972:INFO:Checking exceptions
2024-08-19 16:37:13,975:INFO:Importing libraries
2024-08-19 16:37:13,975:INFO:Copying training dataset
2024-08-19 16:37:13,985:INFO:Defining folds
2024-08-19 16:37:13,985:INFO:Declaring metric variables
2024-08-19 16:37:13,986:INFO:Importing untrained model
2024-08-19 16:37:13,986:INFO:Declaring custom model
2024-08-19 16:37:13,987:INFO:Gradient Boosting Regressor Imported successfully
2024-08-19 16:37:13,990:INFO:Cross validation set to False
2024-08-19 16:37:13,990:INFO:Fitting Model
2024-08-19 16:37:14,266:INFO:GradientBoostingRegressor(random_state=7407)
2024-08-19 16:37:14,266:INFO:create_model() successfully completed......................................
2024-08-19 16:37:14,580:INFO:_master_model_container: 20
2024-08-19 16:37:14,580:INFO:_display_container: 2
2024-08-19 16:37:14,581:INFO:GradientBoostingRegressor(random_state=7407)
2024-08-19 16:37:14,581:INFO:compare_models() successfully completed......................................
2024-08-19 16:37:39,848:INFO:Soft dependency imported: fastapi: 0.112.1
2024-08-19 16:37:39,849:INFO:Soft dependency imported: uvicorn: 0.30.6
2024-08-19 16:37:39,849:INFO:Soft dependency imported: pydantic: 2.8.2
2024-08-19 16:37:39,924:INFO:Initializing save_model()
2024-08-19 16:37:39,924:INFO:save_model(model=GradientBoostingRegressor(random_state=7407), model_name=insurance_prediction_model, prep_pipe_=Pipeline(memory=FastMemory(location=/tmp/joblib),
         steps=[('numerical_imputer',
                 TransformerWrapper(include=['age', 'bmi', 'children'],
                                    transformer=SimpleImputer())),
                ('categorical_imputer',
                 TransformerWrapper(include=['sex', 'smoker', 'region'],
                                    transformer=SimpleImputer(strategy='most_frequent'))),
                ('ordinal_encoding',
                 TransformerWrapper(include=['sex', 'smoker...
                                                                     'smoker'],
                                                               handle_missing='return_nan',
                                                               mapping=[{'col': 'sex',
                                                                         'data_type': dtype('O'),
                                                                         'mapping': female    0
male      1
NaN      -1
dtype: int64},
                                                                        {'col': 'smoker',
                                                                         'data_type': dtype('O'),
                                                                         'mapping': no     0
yes    1
NaN   -1
dtype: int64}]))),
                ('onehot_encoding',
                 TransformerWrapper(include=['region'],
                                    transformer=OneHotEncoder(cols=['region'],
                                                              handle_missing='return_nan',
                                                              use_cat_names=True)))]), verbose=False, use_case=MLUsecase.REGRESSION, kwargs={})
2024-08-19 16:37:39,924:INFO:Adding model into prep_pipe
2024-08-19 16:37:39,946:INFO:insurance_prediction_model.pkl saved in current working directory
2024-08-19 16:37:40,017:INFO:Pipeline(memory=Memory(location=None),
         steps=[('numerical_imputer',
                 TransformerWrapper(include=['age', 'bmi', 'children'],
                                    transformer=SimpleImputer())),
                ('categorical_imputer',
                 TransformerWrapper(include=['sex', 'smoker', 'region'],
                                    transformer=SimpleImputer(strategy='most_frequent'))),
                ('ordinal_encoding',
                 TransformerWrapper(include=['sex', 'smoker'],
                                    transfor...
                                                                         'data_type': dtype('O'),
                                                                         'mapping': female    0
male      1
NaN      -1
dtype: int64},
                                                                        {'col': 'smoker',
                                                                         'data_type': dtype('O'),
                                                                         'mapping': no     0
yes    1
NaN   -1
dtype: int64}]))),
                ('onehot_encoding',
                 TransformerWrapper(include=['region'],
                                    transformer=OneHotEncoder(cols=['region'],
                                                              handle_missing='return_nan',
                                                              use_cat_names=True))),
                ('trained_model',
                 GradientBoostingRegressor(random_state=7407))])
2024-08-19 16:37:40,017:INFO:save_model() successfully completed......................................
2024-08-19 16:49:06,732:INFO:Soft dependency imported: fastapi: 0.112.1
2024-08-19 16:49:06,734:INFO:Soft dependency imported: uvicorn: 0.30.6
2024-08-19 16:49:06,734:INFO:Soft dependency imported: pydantic: 2.8.2
2024-08-19 16:49:06,791:INFO:Initializing save_model()
2024-08-19 16:49:06,791:INFO:save_model(model=GradientBoostingRegressor(random_state=7407), model_name=insurance_prediction_model1, prep_pipe_=Pipeline(memory=FastMemory(location=/tmp/joblib),
         steps=[('numerical_imputer',
                 TransformerWrapper(include=['age', 'bmi', 'children'],
                                    transformer=SimpleImputer())),
                ('categorical_imputer',
                 TransformerWrapper(include=['sex', 'smoker', 'region'],
                                    transformer=SimpleImputer(strategy='most_frequent'))),
                ('ordinal_encoding',
                 TransformerWrapper(include=['sex', 'smoker...
                                                                     'smoker'],
                                                               handle_missing='return_nan',
                                                               mapping=[{'col': 'sex',
                                                                         'data_type': dtype('O'),
                                                                         'mapping': female    0
male      1
NaN      -1
dtype: int64},
                                                                        {'col': 'smoker',
                                                                         'data_type': dtype('O'),
                                                                         'mapping': no     0
yes    1
NaN   -1
dtype: int64}]))),
                ('onehot_encoding',
                 TransformerWrapper(include=['region'],
                                    transformer=OneHotEncoder(cols=['region'],
                                                              handle_missing='return_nan',
                                                              use_cat_names=True)))]), verbose=False, use_case=MLUsecase.REGRESSION, kwargs={})
2024-08-19 16:49:06,791:INFO:Adding model into prep_pipe
2024-08-19 16:49:06,810:INFO:insurance_prediction_model1.pkl saved in current working directory
2024-08-19 16:49:06,854:INFO:Pipeline(memory=Memory(location=None),
         steps=[('numerical_imputer',
                 TransformerWrapper(include=['age', 'bmi', 'children'],
                                    transformer=SimpleImputer())),
                ('categorical_imputer',
                 TransformerWrapper(include=['sex', 'smoker', 'region'],
                                    transformer=SimpleImputer(strategy='most_frequent'))),
                ('ordinal_encoding',
                 TransformerWrapper(include=['sex', 'smoker'],
                                    transfor...
                                                                         'data_type': dtype('O'),
                                                                         'mapping': female    0
male      1
NaN      -1
dtype: int64},
                                                                        {'col': 'smoker',
                                                                         'data_type': dtype('O'),
                                                                         'mapping': no     0
yes    1
NaN   -1
dtype: int64}]))),
                ('onehot_encoding',
                 TransformerWrapper(include=['region'],
                                    transformer=OneHotEncoder(cols=['region'],
                                                              handle_missing='return_nan',
                                                              use_cat_names=True))),
                ('trained_model',
                 GradientBoostingRegressor(random_state=7407))])
2024-08-19 16:49:06,854:INFO:save_model() successfully completed......................................
